Restoring modules from user's dl
/scratch/user/shubhammhaske/vfm_env/lib/python3.10/site-packages/torch/distributed/distributed_c10d.py:4876: UserWarning: barrier(): using the device under current context. You can specify `device_id` in `init_process_group` to mute this warning.
  warnings.warn(  # warn only once
/scratch/user/shubhammhaske/vfm_env/lib/python3.10/site-packages/torch/autograd/graph.py:841: UserWarning: Grad strides do not match bucket view strides. This may indicate grad was not created according to the gradient layout contract, or that the param's strides changed since DDP was constructed.  This is not an error, but may impair performance.
grad.sizes() = [64, 256, 1, 1], strides() = [256, 1, 256, 256]
bucket_view.sizes() = [64, 256, 1, 1], strides() = [256, 1, 1, 1] (Triggered internally at /pytorch/torch/csrc/distributed/c10d/reducer.cpp:334.)
  return Variable._execution_engine.run_backward(  # Calls into the C++ engine to run the backward pass
Error executing job with overrides: ['experiment=base_finetune_v2_stable']
Traceback (most recent call last):
  File "/scratch/user/shubhammhaske/vfm_project/src/run_finetuning.py", line 107, in main
    trainer.run()
  File "/scratch/user/shubhammhaske/vfm_project/sam2/training/trainer.py", line 520, in run
    self.run_train()
  File "/scratch/user/shubhammhaske/vfm_project/sam2/training/trainer.py", line 537, in run_train
    outs = self.train_epoch(dataloader)
  File "/scratch/user/shubhammhaske/vfm_project/sam2/training/trainer.py", line 754, in train_epoch
    self._run_step(batch, phase, loss_mts, extra_loss_mts)
  File "/scratch/user/shubhammhaske/vfm_project/sam2/training/trainer.py", line 870, in _run_step
    loss_dict, batch_size, extra_losses = self._step(
  File "/scratch/user/shubhammhaske/vfm_project/sam2/training/trainer.py", line 462, in _step
    outputs = model(batch)
  File "/scratch/user/shubhammhaske/vfm_env/lib/python3.10/site-packages/torch/nn/modules/module.py", line 1775, in _wrapped_call_impl
    return self._call_impl(*args, **kwargs)
  File "/scratch/user/shubhammhaske/vfm_env/lib/python3.10/site-packages/torch/nn/modules/module.py", line 1786, in _call_impl
    return forward_call(*args, **kwargs)
  File "/scratch/user/shubhammhaske/vfm_env/lib/python3.10/site-packages/torch/nn/parallel/distributed.py", line 1661, in forward
    else self._run_ddp_forward(*inputs, **kwargs)
  File "/scratch/user/shubhammhaske/vfm_env/lib/python3.10/site-packages/torch/nn/parallel/distributed.py", line 1487, in _run_ddp_forward
    return self.module(*inputs, **kwargs)  # type: ignore[index]
  File "/scratch/user/shubhammhaske/vfm_env/lib/python3.10/site-packages/torch/nn/modules/module.py", line 1775, in _wrapped_call_impl
    return self._call_impl(*args, **kwargs)
  File "/scratch/user/shubhammhaske/vfm_env/lib/python3.10/site-packages/torch/nn/modules/module.py", line 1786, in _call_impl
    return forward_call(*args, **kwargs)
  File "/scratch/user/shubhammhaske/vfm_project/sam2/training/model/sam2.py", line 118, in forward
    previous_stages_out = self.forward_tracking(backbone_out, input)
  File "/scratch/user/shubhammhaske/vfm_project/sam2/training/model/sam2.py", line 331, in forward_tracking
    current_out = self.track_step(
  File "/scratch/user/shubhammhaske/vfm_project/sam2/training/model/sam2.py", line 452, in track_step
    self._encode_memory_in_output(
  File "/scratch/user/shubhammhaske/vfm_project/sam2/sam2/modeling/sam2_base.py", line 801, in _encode_memory_in_output
    maskmem_features, maskmem_pos_enc = self._encode_new_memory(
  File "/scratch/user/shubhammhaske/vfm_project/sam2/sam2/modeling/sam2_base.py", line 711, in _encode_new_memory
    maskmem_out = self.memory_encoder(
  File "/scratch/user/shubhammhaske/vfm_env/lib/python3.10/site-packages/torch/nn/modules/module.py", line 1775, in _wrapped_call_impl
    return self._call_impl(*args, **kwargs)
  File "/scratch/user/shubhammhaske/vfm_env/lib/python3.10/site-packages/torch/nn/modules/module.py", line 1786, in _call_impl
    return forward_call(*args, **kwargs)
  File "/scratch/user/shubhammhaske/vfm_project/sam2/sam2/modeling/memory_encoder.py", line 168, in forward
    masks = self.mask_downsampler(masks)
  File "/scratch/user/shubhammhaske/vfm_env/lib/python3.10/site-packages/torch/nn/modules/module.py", line 1775, in _wrapped_call_impl
    return self._call_impl(*args, **kwargs)
  File "/scratch/user/shubhammhaske/vfm_env/lib/python3.10/site-packages/torch/nn/modules/module.py", line 1786, in _call_impl
    return forward_call(*args, **kwargs)
  File "/scratch/user/shubhammhaske/vfm_project/sam2/sam2/modeling/memory_encoder.py", line 58, in forward
    return self.encoder(x)
  File "/scratch/user/shubhammhaske/vfm_env/lib/python3.10/site-packages/torch/nn/modules/module.py", line 1775, in _wrapped_call_impl
    return self._call_impl(*args, **kwargs)
  File "/scratch/user/shubhammhaske/vfm_env/lib/python3.10/site-packages/torch/nn/modules/module.py", line 1786, in _call_impl
    return forward_call(*args, **kwargs)
  File "/scratch/user/shubhammhaske/vfm_env/lib/python3.10/site-packages/torch/nn/modules/container.py", line 250, in forward
    input = module(input)
  File "/scratch/user/shubhammhaske/vfm_env/lib/python3.10/site-packages/torch/nn/modules/module.py", line 1775, in _wrapped_call_impl
    return self._call_impl(*args, **kwargs)
  File "/scratch/user/shubhammhaske/vfm_env/lib/python3.10/site-packages/torch/nn/modules/module.py", line 1786, in _call_impl
    return forward_call(*args, **kwargs)
  File "/scratch/user/shubhammhaske/vfm_project/sam2/sam2/modeling/sam2_utils.py", line 152, in forward
    x = self.weight[:, None, None] * x + self.bias[:, None, None]
torch.OutOfMemoryError: CUDA out of memory. Tried to allocate 72.00 MiB. GPU 0 has a total capacity of 39.39 GiB of which 70.31 MiB is free. Including non-PyTorch memory, this process has 39.31 GiB memory in use. Of the allocated memory 38.08 GiB is allocated by PyTorch, and 285.33 MiB is reserved by PyTorch but unallocated. If reserved but unallocated memory is large try setting PYTORCH_CUDA_ALLOC_CONF=expandable_segments:True to avoid fragmentation.  See documentation for Memory Management  (https://pytorch.org/docs/stable/notes/cuda.html#environment-variables)

Set the environment variable HYDRA_FULL_ERROR=1 for a complete stack trace.
[rank0]:[W1121 23:57:47.670262891 ProcessGroupNCCL.cpp:1524] Warning: WARNING: destroy_process_group() was not called before program exit, which can leak resources. For more info, please see https://pytorch.org/docs/stable/distributed.html#shutdown (function operator())
