Restoring modules from user's dl
/scratch/user/shubhammhaske/vfm_project/src/ctranspath_encoder.py:206: UserWarning: timm not available, using simplified architecture
  warnings.warn("timm not available, using simplified architecture")
Traceback (most recent call last):
  File "/scratch/user/shubhammhaske/vfm_project/src/evaluation.py", line 192, in <module>
    run_evaluation(args)
  File "/scratch/user/shubhammhaske/vfm_project/src/evaluation.py", line 53, in run_evaluation
    sam_predictor = get_sam2_predictor(args.sam_model_cfg, args.sam_checkpoint, device=device)
  File "/scratch/user/shubhammhaske/vfm_project/src/sam_segmentation.py", line 43, in get_sam2_predictor
    predictor = SAM2ImagePredictor(build_sam2(model_cfg, checkpoint, device=device))
  File "/scratch/user/shubhammhaske/vfm_project/sam2/sam2/build_sam.py", line 90, in build_sam2
    cfg = compose(config_name=config_file, overrides=hydra_overrides_extra)
  File "/scratch/user/shubhammhaske/vfm_env/lib/python3.10/site-packages/hydra/compose.py", line 38, in compose
    cfg = gh.hydra.compose_config(
  File "/scratch/user/shubhammhaske/vfm_env/lib/python3.10/site-packages/hydra/_internal/hydra.py", line 594, in compose_config
    cfg = self.config_loader.load_configuration(
  File "/scratch/user/shubhammhaske/vfm_env/lib/python3.10/site-packages/hydra/_internal/config_loader_impl.py", line 142, in load_configuration
    return self._load_configuration_impl(
  File "/scratch/user/shubhammhaske/vfm_env/lib/python3.10/site-packages/hydra/_internal/config_loader_impl.py", line 253, in _load_configuration_impl
    defaults_list = create_defaults_list(
  File "/scratch/user/shubhammhaske/vfm_env/lib/python3.10/site-packages/hydra/_internal/defaults_list.py", line 745, in create_defaults_list
    defaults, tree = _create_defaults_list(
  File "/scratch/user/shubhammhaske/vfm_env/lib/python3.10/site-packages/hydra/_internal/defaults_list.py", line 715, in _create_defaults_list
    defaults_tree = _create_defaults_tree(
  File "/scratch/user/shubhammhaske/vfm_env/lib/python3.10/site-packages/hydra/_internal/defaults_list.py", line 356, in _create_defaults_tree
    ret = _create_defaults_tree_impl(
  File "/scratch/user/shubhammhaske/vfm_env/lib/python3.10/site-packages/hydra/_internal/defaults_list.py", line 457, in _create_defaults_tree_impl
    return _expand_virtual_root(repo, root, overrides, skip_missing)
  File "/scratch/user/shubhammhaske/vfm_env/lib/python3.10/site-packages/hydra/_internal/defaults_list.py", line 280, in _expand_virtual_root
    subtree = _create_defaults_tree_impl(
  File "/scratch/user/shubhammhaske/vfm_env/lib/python3.10/site-packages/hydra/_internal/defaults_list.py", line 464, in _create_defaults_tree_impl
    config_not_found_error(repo=repo, tree=root)
  File "/scratch/user/shubhammhaske/vfm_env/lib/python3.10/site-packages/hydra/_internal/defaults_list.py", line 799, in config_not_found_error
    raise MissingConfigException(
hydra.errors.MissingConfigException: Cannot find primary config 'scratch/user/shubhammhaske/vfm_project/configs/sam2.1/sam2.1_hiera_l.yaml'. Check that it's in your config search path.

Config search path:
	provider=hydra, path=pkg://hydra.conf
	provider=main, path=pkg://sam2
	provider=schema, path=structured://
