Restoring modules from user's dl
/scratch/user/shubhammhaske/vfm_env/lib/python3.10/site-packages/torch/distributed/distributed_c10d.py:4876: UserWarning: barrier(): using the device under current context. You can specify `device_id` in `init_process_group` to mute this warning.
  warnings.warn(  # warn only once
Error executing job with overrides: ['experiment=base_finetune']
Traceback (most recent call last):
  File "/scratch/user/shubhammhaske/vfm_project/src/run_finetuning.py", line 62, in main
    trainer.run()
  File "/scratch/user/shubhammhaske/vfm_project/sam2/training/trainer.py", line 520, in run
    self.run_train()
  File "/scratch/user/shubhammhaske/vfm_project/sam2/training/trainer.py", line 537, in run_train
    outs = self.train_epoch(dataloader)
  File "/scratch/user/shubhammhaske/vfm_project/sam2/training/trainer.py", line 754, in train_epoch
    self._run_step(batch, phase, loss_mts, extra_loss_mts)
  File "/scratch/user/shubhammhaske/vfm_project/sam2/training/trainer.py", line 870, in _run_step
    loss_dict, batch_size, extra_losses = self._step(
  File "/scratch/user/shubhammhaske/vfm_project/sam2/training/trainer.py", line 462, in _step
    outputs = model(batch)
  File "/scratch/user/shubhammhaske/vfm_env/lib/python3.10/site-packages/torch/nn/modules/module.py", line 1775, in _wrapped_call_impl
    return self._call_impl(*args, **kwargs)
  File "/scratch/user/shubhammhaske/vfm_env/lib/python3.10/site-packages/torch/nn/modules/module.py", line 1786, in _call_impl
    return forward_call(*args, **kwargs)
  File "/scratch/user/shubhammhaske/vfm_env/lib/python3.10/site-packages/torch/nn/parallel/distributed.py", line 1661, in forward
    else self._run_ddp_forward(*inputs, **kwargs)
  File "/scratch/user/shubhammhaske/vfm_env/lib/python3.10/site-packages/torch/nn/parallel/distributed.py", line 1487, in _run_ddp_forward
    return self.module(*inputs, **kwargs)  # type: ignore[index]
  File "/scratch/user/shubhammhaske/vfm_env/lib/python3.10/site-packages/torch/nn/modules/module.py", line 1775, in _wrapped_call_impl
    return self._call_impl(*args, **kwargs)
  File "/scratch/user/shubhammhaske/vfm_env/lib/python3.10/site-packages/torch/nn/modules/module.py", line 1786, in _call_impl
    return forward_call(*args, **kwargs)
  File "/scratch/user/shubhammhaske/vfm_project/sam2/training/model/sam2.py", line 113, in forward
    backbone_out = self.forward_image(input.flat_img_batch)
  File "/scratch/user/shubhammhaske/vfm_project/sam2/sam2/modeling/sam2_base.py", line 469, in forward_image
    backbone_out = self.image_encoder(img_batch)
  File "/scratch/user/shubhammhaske/vfm_env/lib/python3.10/site-packages/torch/nn/modules/module.py", line 1775, in _wrapped_call_impl
    return self._call_impl(*args, **kwargs)
  File "/scratch/user/shubhammhaske/vfm_env/lib/python3.10/site-packages/torch/nn/modules/module.py", line 1786, in _call_impl
    return forward_call(*args, **kwargs)
  File "/scratch/user/shubhammhaske/vfm_project/sam2/sam2/modeling/backbones/image_encoder.py", line 31, in forward
    features, pos = self.neck(self.trunk(sample))
  File "/scratch/user/shubhammhaske/vfm_env/lib/python3.10/site-packages/torch/nn/modules/module.py", line 1775, in _wrapped_call_impl
    return self._call_impl(*args, **kwargs)
  File "/scratch/user/shubhammhaske/vfm_env/lib/python3.10/site-packages/torch/nn/modules/module.py", line 1786, in _call_impl
    return forward_call(*args, **kwargs)
  File "/scratch/user/shubhammhaske/vfm_project/sam2/sam2/modeling/backbones/hieradet.py", line 292, in forward
    x = blk(x)
  File "/scratch/user/shubhammhaske/vfm_env/lib/python3.10/site-packages/torch/nn/modules/module.py", line 1775, in _wrapped_call_impl
    return self._call_impl(*args, **kwargs)
  File "/scratch/user/shubhammhaske/vfm_env/lib/python3.10/site-packages/torch/nn/modules/module.py", line 1786, in _call_impl
    return forward_call(*args, **kwargs)
  File "/scratch/user/shubhammhaske/vfm_project/sam2/sam2/modeling/backbones/hieradet.py", line 136, in forward
    x = self.norm1(x)
  File "/scratch/user/shubhammhaske/vfm_env/lib/python3.10/site-packages/torch/nn/modules/module.py", line 1775, in _wrapped_call_impl
    return self._call_impl(*args, **kwargs)
  File "/scratch/user/shubhammhaske/vfm_env/lib/python3.10/site-packages/torch/nn/modules/module.py", line 1786, in _call_impl
    return forward_call(*args, **kwargs)
  File "/scratch/user/shubhammhaske/vfm_env/lib/python3.10/site-packages/torch/nn/modules/normalization.py", line 229, in forward
    return F.layer_norm(
  File "/scratch/user/shubhammhaske/vfm_env/lib/python3.10/site-packages/torch/nn/functional.py", line 2901, in layer_norm
    return torch.layer_norm(
torch.OutOfMemoryError: CUDA out of memory. Tried to allocate 72.00 MiB. GPU 0 has a total capacity of 39.39 GiB of which 10.31 MiB is free. Including non-PyTorch memory, this process has 39.37 GiB memory in use. Of the allocated memory 38.27 GiB is allocated by PyTorch, and 167.43 MiB is reserved by PyTorch but unallocated. If reserved but unallocated memory is large try setting PYTORCH_CUDA_ALLOC_CONF=expandable_segments:True to avoid fragmentation.  See documentation for Memory Management  (https://pytorch.org/docs/stable/notes/cuda.html#environment-variables)

Set the environment variable HYDRA_FULL_ERROR=1 for a complete stack trace.
[rank0]:[W1121 20:19:50.651432073 ProcessGroupNCCL.cpp:1524] Warning: WARNING: destroy_process_group() was not called before program exit, which can leak resources. For more info, please see https://pytorch.org/docs/stable/distributed.html#shutdown (function operator())
